2019-05-14T00:27:15+00:00 CRITICAL Uncaught Error: Call to undefined function curl_init() in /var/www/html/wp-content/themes/kleo-child/functions.php:78
Stack trace:
#0 /var/www/html/wp-content/themes/kleo-child/functions.php(110): file_get_contents_tcurl('http://www.haro...')
#1 /var/www/html/wp-settings.php(479): include('/var/www/html/w...')
#2 /var/www/html/wp-config.php(114): require_once('/var/www/html/w...')
#3 /var/www/html/wp-load.php(37): require_once('/var/www/html/w...')
#4 /var/www/html/wp-blog-header.php(13): require_once('/var/www/html/w...')
#5 /var/www/html/index.php(25): require('/var/www/html/w...')
#6 {main}
  thrown in /var/www/html/wp-content/themes/kleo-child/functions.php on line 78

2019-05-14T00:29:49+00:00 CRITICAL Uncaught Error: Call to undefined function curl_init() in /var/www/html/wp-content/themes/kleo-child/functions.php:78
Stack trace:
#0 /var/www/html/wp-content/themes/kleo-child/functions.php(110): file_get_contents_tcurl('http://www.haro...')
#1 /var/www/html/wp-settings.php(479): include('/var/www/html/w...')
#2 /var/www/html/wp-config.php(114): require_once('/var/www/html/w...')
#3 /var/www/html/wp-load.php(37): require_once('/var/www/html/w...')
#4 /var/www/html/wp-blog-header.php(13): require_once('/var/www/html/w...')
#5 /var/www/html/index.php(25): require('/var/www/html/w...')
#6 {main}
  thrown in /var/www/html/wp-content/themes/kleo-child/functions.php on line 78

2019-05-14T00:29:58+00:00 CRITICAL Uncaught Error: Call to undefined function curl_init() in /var/www/html/wp-content/themes/kleo-child/functions.php:78
Stack trace:
#0 /var/www/html/wp-content/themes/kleo-child/functions.php(110): file_get_contents_tcurl('http://www.haro...')
#1 /var/www/html/wp-settings.php(479): include('/var/www/html/w...')
#2 /var/www/html/wp-config.php(114): require_once('/var/www/html/w...')
#3 /var/www/html/wp-load.php(37): require_once('/var/www/html/w...')
#4 /var/www/html/wp-blog-header.php(13): require_once('/var/www/html/w...')
#5 /var/www/html/index.php(25): require('/var/www/html/w...')
#6 {main}
  thrown in /var/www/html/wp-content/themes/kleo-child/functions.php on line 78

2019-05-14T00:38:27+00:00 CRITICAL Uncaught Error: Call to undefined function curl_init() in /var/www/html/wp-content/themes/kleo-child/functions.php:78
Stack trace:
#0 /var/www/html/wp-content/themes/kleo-child/functions.php(110): file_get_contents_tcurl('http://www.haro...')
#1 /var/www/html/wp-settings.php(479): include('/var/www/html/w...')
#2 /var/www/html/wp-config.php(114): require_once('/var/www/html/w...')
#3 /var/www/html/wp-load.php(37): require_once('/var/www/html/w...')
#4 /var/www/html/wp-login.php(12): require('/var/www/html/w...')
#5 {main}
  thrown in /var/www/html/wp-content/themes/kleo-child/functions.php on line 78

2019-05-14T02:42:33+00:00 CRITICAL Uncaught Error: Call to undefined function curl_init() in /var/www/html/wp-content/themes/kleo-child/functions.php:78
Stack trace:
#0 /var/www/html/wp-content/themes/kleo-child/functions.php(110): file_get_contents_tcurl('http://www.haro...')
#1 /var/www/html/wp-settings.php(479): include('/var/www/html/w...')
#2 /var/www/html/wp-config.php(114): require_once('/var/www/html/w...')
#3 /var/www/html/wp-load.php(37): require_once('/var/www/html/w...')
#4 /var/www/html/wp-blog-header.php(13): require_once('/var/www/html/w...')
#5 /var/www/html/index.php(25): require('/var/www/html/w...')
#6 {main}
  thrown in /var/www/html/wp-content/themes/kleo-child/functions.php on line 78

2019-05-14T02:42:33+00:00 CRITICAL Uncaught Error: Call to undefined function curl_init() in /var/www/html/wp-content/themes/kleo-child/functions.php:78
Stack trace:
#0 /var/www/html/wp-content/themes/kleo-child/functions.php(110): file_get_contents_tcurl('http://www.haro...')
#1 /var/www/html/wp-settings.php(479): include('/var/www/html/w...')
#2 /var/www/html/wp-config.php(114): require_once('/var/www/html/w...')
#3 /var/www/html/wp-load.php(37): require_once('/var/www/html/w...')
#4 /var/www/html/wp-blog-header.php(13): require_once('/var/www/html/w...')
#5 /var/www/html/index.php(25): require('/var/www/html/w...')
#6 {main}
  thrown in /var/www/html/wp-content/themes/kleo-child/functions.php on line 78

2019-05-14T02:42:33+00:00 CRITICAL Uncaught Error: Call to undefined function curl_init() in /var/www/html/wp-content/themes/kleo-child/functions.php:78
Stack trace:
#0 /var/www/html/wp-content/themes/kleo-child/functions.php(110): file_get_contents_tcurl('http://www.haro...')
#1 /var/www/html/wp-settings.php(479): include('/var/www/html/w...')
#2 /var/www/html/wp-config.php(114): require_once('/var/www/html/w...')
#3 /var/www/html/wp-load.php(37): require_once('/var/www/html/w...')
#4 /var/www/html/wp-blog-header.php(13): require_once('/var/www/html/w...')
#5 /var/www/html/index.php(25): require('/var/www/html/w...')
#6 {main}
  thrown in /var/www/html/wp-content/themes/kleo-child/functions.php on line 78

2019-05-14T02:42:33+00:00 CRITICAL Uncaught Error: Call to undefined function curl_init() in /var/www/html/wp-content/themes/kleo-child/functions.php:78
Stack trace:
#0 /var/www/html/wp-content/themes/kleo-child/functions.php(110): file_get_contents_tcurl('http://www.haro...')
#1 /var/www/html/wp-settings.php(479): include('/var/www/html/w...')
#2 /var/www/html/wp-config.php(114): require_once('/var/www/html/w...')
#3 /var/www/html/wp-load.php(37): require_once('/var/www/html/w...')
#4 /var/www/html/wp-blog-header.php(13): require_once('/var/www/html/w...')
#5 /var/www/html/index.php(25): require('/var/www/html/w...')
#6 {main}
  thrown in /var/www/html/wp-content/themes/kleo-child/functions.php on line 78

2019-05-14T02:55:14+00:00 CRITICAL Uncaught Error: Call to undefined function curl_init() in /var/www/html/wp-content/themes/kleo-child/functions.php:78
Stack trace:
#0 /var/www/html/wp-content/themes/kleo-child/functions.php(110): file_get_contents_tcurl('http://www.haro...')
#1 /var/www/html/wp-settings.php(479): include('/var/www/html/w...')
#2 /var/www/html/wp-config.php(114): require_once('/var/www/html/w...')
#3 /var/www/html/wp-load.php(37): require_once('/var/www/html/w...')
#4 /var/www/html/wp-blog-header.php(13): require_once('/var/www/html/w...')
#5 /var/www/html/index.php(25): require('/var/www/html/w...')
#6 {main}
  thrown in /var/www/html/wp-content/themes/kleo-child/functions.php on line 78

2019-05-14T02:55:14+00:00 CRITICAL Uncaught Error: Call to undefined function curl_init() in /var/www/html/wp-content/themes/kleo-child/functions.php:78
Stack trace:
#0 /var/www/html/wp-content/themes/kleo-child/functions.php(110): file_get_contents_tcurl('http://www.haro...')
#1 /var/www/html/wp-settings.php(479): include('/var/www/html/w...')
#2 /var/www/html/wp-config.php(114): require_once('/var/www/html/w...')
#3 /var/www/html/wp-load.php(37): require_once('/var/www/html/w...')
#4 /var/www/html/wp-blog-header.php(13): require_once('/var/www/html/w...')
#5 /var/www/html/index.php(25): require('/var/www/html/w...')
#6 {main}
  thrown in /var/www/html/wp-content/themes/kleo-child/functions.php on line 78

2019-05-14T02:55:14+00:00 CRITICAL Uncaught Error: Call to undefined function curl_init() in /var/www/html/wp-content/themes/kleo-child/functions.php:78
Stack trace:
#0 /var/www/html/wp-content/themes/kleo-child/functions.php(110): file_get_contents_tcurl('http://www.haro...')
#1 /var/www/html/wp-settings.php(479): include('/var/www/html/w...')
#2 /var/www/html/wp-config.php(114): require_once('/var/www/html/w...')
#3 /var/www/html/wp-load.php(37): require_once('/var/www/html/w...')
#4 /var/www/html/wp-blog-header.php(13): require_once('/var/www/html/w...')
#5 /var/www/html/index.php(25): require('/var/www/html/w...')
#6 {main}
  thrown in /var/www/html/wp-content/themes/kleo-child/functions.php on line 78

2019-05-14T03:07:27+00:00 CRITICAL Uncaught Error: Call to undefined function curl_init() in /var/www/html/wp-content/themes/kleo-child/functions.php:78
Stack trace:
#0 /var/www/html/wp-content/themes/kleo-child/functions.php(110): file_get_contents_tcurl('http://www.haro...')
#1 /var/www/html/wp-settings.php(479): include('/var/www/html/w...')
#2 /var/www/html/wp-config.php(114): require_once('/var/www/html/w...')
#3 /var/www/html/wp-load.php(37): require_once('/var/www/html/w...')
#4 /var/www/html/wp-login.php(12): require('/var/www/html/w...')
#5 {main}
  thrown in /var/www/html/wp-content/themes/kleo-child/functions.php on line 78

2019-05-14T03:41:05+00:00 CRITICAL Uncaught Error: Call to undefined function curl_init() in /var/www/html/wp-content/themes/kleo-child/functions.php:78
Stack trace:
#0 /var/www/html/wp-content/themes/kleo-child/functions.php(110): file_get_contents_tcurl('http://www.haro...')
#1 /var/www/html/wp-settings.php(479): include('/var/www/html/w...')
#2 /var/www/html/wp-config.php(114): require_once('/var/www/html/w...')
#3 /var/www/html/wp-load.php(37): require_once('/var/www/html/w...')
#4 /var/www/html/wp-blog-header.php(13): require_once('/var/www/html/w...')
#5 /var/www/html/index.php(25): require('/var/www/html/w...')
#6 {main}
  thrown in /var/www/html/wp-content/themes/kleo-child/functions.php on line 78

2019-05-14T03:41:05+00:00 CRITICAL Uncaught Error: Call to undefined function curl_init() in /var/www/html/wp-content/themes/kleo-child/functions.php:78
Stack trace:
#0 /var/www/html/wp-content/themes/kleo-child/functions.php(110): file_get_contents_tcurl('http://www.haro...')
#1 /var/www/html/wp-settings.php(479): include('/var/www/html/w...')
#2 /var/www/html/wp-config.php(114): require_once('/var/www/html/w...')
#3 /var/www/html/wp-load.php(37): require_once('/var/www/html/w...')
#4 /var/www/html/wp-blog-header.php(13): require_once('/var/www/html/w...')
#5 /var/www/html/index.php(25): require('/var/www/html/w...')
#6 {main}
  thrown in /var/www/html/wp-content/themes/kleo-child/functions.php on line 78

2019-05-14T03:41:05+00:00 CRITICAL Uncaught Error: Call to undefined function curl_init() in /var/www/html/wp-content/themes/kleo-child/functions.php:78
Stack trace:
#0 /var/www/html/wp-content/themes/kleo-child/functions.php(110): file_get_contents_tcurl('http://www.haro...')
#1 /var/www/html/wp-settings.php(479): include('/var/www/html/w...')
#2 /var/www/html/wp-config.php(114): require_once('/var/www/html/w...')
#3 /var/www/html/wp-load.php(37): require_once('/var/www/html/w...')
#4 /var/www/html/wp-blog-header.php(13): require_once('/var/www/html/w...')
#5 /var/www/html/index.php(25): require('/var/www/html/w...')
#6 {main}
  thrown in /var/www/html/wp-content/themes/kleo-child/functions.php on line 78

2019-05-14T03:41:05+00:00 CRITICAL Uncaught Error: Call to undefined function curl_init() in /var/www/html/wp-content/themes/kleo-child/functions.php:78
Stack trace:
#0 /var/www/html/wp-content/themes/kleo-child/functions.php(110): file_get_contents_tcurl('http://www.haro...')
#1 /var/www/html/wp-settings.php(479): include('/var/www/html/w...')
#2 /var/www/html/wp-config.php(114): require_once('/var/www/html/w...')
#3 /var/www/html/wp-load.php(37): require_once('/var/www/html/w...')
#4 /var/www/html/wp-blog-header.php(13): require_once('/var/www/html/w...')
#5 /var/www/html/index.php(25): require('/var/www/html/w...')
#6 {main}
  thrown in /var/www/html/wp-content/themes/kleo-child/functions.php on line 78

2019-05-14T03:52:14+00:00 CRITICAL Uncaught Error: Call to undefined function curl_init() in /var/www/html/wp-content/themes/kleo-child/functions.php:78
Stack trace:
#0 /var/www/html/wp-content/themes/kleo-child/functions.php(110): file_get_contents_tcurl('http://www.haro...')
#1 /var/www/html/wp-settings.php(479): include('/var/www/html/w...')
#2 /var/www/html/wp-config.php(114): require_once('/var/www/html/w...')
#3 /var/www/html/wp-load.php(37): require_once('/var/www/html/w...')
#4 /var/www/html/wp-blog-header.php(13): require_once('/var/www/html/w...')
#5 /var/www/html/index.php(25): require('/var/www/html/w...')
#6 {main}
  thrown in /var/www/html/wp-content/themes/kleo-child/functions.php on line 78

2019-05-14T03:52:17+00:00 CRITICAL Uncaught Error: Call to undefined function curl_init() in /var/www/html/wp-content/themes/kleo-child/functions.php:78
Stack trace:
#0 /var/www/html/wp-content/themes/kleo-child/functions.php(110): file_get_contents_tcurl('http://www.haro...')
#1 /var/www/html/wp-settings.php(479): include('/var/www/html/w...')
#2 /var/www/html/wp-config.php(114): require_once('/var/www/html/w...')
#3 /var/www/html/wp-load.php(37): require_once('/var/www/html/w...')
#4 /var/www/html/wp-blog-header.php(13): require_once('/var/www/html/w...')
#5 /var/www/html/index.php(25): require('/var/www/html/w...')
#6 {main}
  thrown in /var/www/html/wp-content/themes/kleo-child/functions.php on line 78

2019-05-14T03:52:31+00:00 CRITICAL Uncaught Error: Call to undefined function curl_init() in /var/www/html/wp-content/themes/kleo-child/functions.php:78
Stack trace:
#0 /var/www/html/wp-content/themes/kleo-child/functions.php(110): file_get_contents_tcurl('http://www.haro...')
#1 /var/www/html/wp-settings.php(479): include('/var/www/html/w...')
#2 /var/www/html/wp-config.php(114): require_once('/var/www/html/w...')
#3 /var/www/html/wp-load.php(37): require_once('/var/www/html/w...')
#4 /var/www/html/wp-blog-header.php(13): require_once('/var/www/html/w...')
#5 /var/www/html/index.php(25): require('/var/www/html/w...')
#6 {main}
  thrown in /var/www/html/wp-content/themes/kleo-child/functions.php on line 78

2019-05-14T03:52:36+00:00 CRITICAL Uncaught Error: Call to undefined function curl_init() in /var/www/html/wp-content/themes/kleo-child/functions.php:78
Stack trace:
#0 /var/www/html/wp-content/themes/kleo-child/functions.php(110): file_get_contents_tcurl('http://www.haro...')
#1 /var/www/html/wp-settings.php(479): include('/var/www/html/w...')
#2 /var/www/html/wp-config.php(114): require_once('/var/www/html/w...')
#3 /var/www/html/wp-load.php(37): require_once('/var/www/html/w...')
#4 /var/www/html/wp-blog-header.php(13): require_once('/var/www/html/w...')
#5 /var/www/html/index.php(25): require('/var/www/html/w...')
#6 {main}
  thrown in /var/www/html/wp-content/themes/kleo-child/functions.php on line 78

2019-05-14T04:02:07+00:00 CRITICAL Uncaught Error: Call to undefined function curl_init() in /var/www/html/wp-content/themes/kleo-child/functions.php:78
Stack trace:
#0 /var/www/html/wp-content/themes/kleo-child/functions.php(110): file_get_contents_tcurl('http://www.haro...')
#1 /var/www/html/wp-settings.php(479): include('/var/www/html/w...')
#2 /var/www/html/wp-config.php(114): require_once('/var/www/html/w...')
#3 /var/www/html/wp-load.php(37): require_once('/var/www/html/w...')
#4 /var/www/html/wp-blog-header.php(13): require_once('/var/www/html/w...')
#5 /var/www/html/index.php(25): require('/var/www/html/w...')
#6 {main}
  thrown in /var/www/html/wp-content/themes/kleo-child/functions.php on line 78

2019-05-14T04:02:07+00:00 CRITICAL Uncaught Error: Call to undefined function curl_init() in /var/www/html/wp-content/themes/kleo-child/functions.php:78
Stack trace:
#0 /var/www/html/wp-content/themes/kleo-child/functions.php(110): file_get_contents_tcurl('http://www.haro...')
#1 /var/www/html/wp-settings.php(479): include('/var/www/html/w...')
#2 /var/www/html/wp-config.php(114): require_once('/var/www/html/w...')
#3 /var/www/html/wp-load.php(37): require_once('/var/www/html/w...')
#4 /var/www/html/wp-blog-header.php(13): require_once('/var/www/html/w...')
#5 /var/www/html/index.php(25): require('/var/www/html/w...')
#6 {main}
  thrown in /var/www/html/wp-content/themes/kleo-child/functions.php on line 78

2019-05-14T04:02:07+00:00 CRITICAL Uncaught Error: Call to undefined function curl_init() in /var/www/html/wp-content/themes/kleo-child/functions.php:78
Stack trace:
#0 /var/www/html/wp-content/themes/kleo-child/functions.php(110): file_get_contents_tcurl('http://www.haro...')
#1 /var/www/html/wp-settings.php(479): include('/var/www/html/w...')
#2 /var/www/html/wp-config.php(114): require_once('/var/www/html/w...')
#3 /var/www/html/wp-load.php(37): require_once('/var/www/html/w...')
#4 /var/www/html/wp-blog-header.php(13): require_once('/var/www/html/w...')
#5 /var/www/html/index.php(25): require('/var/www/html/w...')
#6 {main}
  thrown in /var/www/html/wp-content/themes/kleo-child/functions.php on line 78

2019-05-14T04:03:47+00:00 CRITICAL Uncaught Error: Call to undefined function curl_init() in /var/www/html/wp-content/themes/kleo-child/functions.php:78
Stack trace:
#0 /var/www/html/wp-content/themes/kleo-child/functions.php(110): file_get_contents_tcurl('http://www.haro...')
#1 /var/www/html/wp-settings.php(479): include('/var/www/html/w...')
#2 /var/www/html/wp-config.php(114): require_once('/var/www/html/w...')
#3 /var/www/html/wp-load.php(37): require_once('/var/www/html/w...')
#4 /var/www/html/wp-blog-header.php(13): require_once('/var/www/html/w...')
#5 /var/www/html/index.php(25): require('/var/www/html/w...')
#6 {main}
  thrown in /var/www/html/wp-content/themes/kleo-child/functions.php on line 78

2019-05-14T04:23:31+00:00 CRITICAL Uncaught Error: Call to undefined function curl_init() in /var/www/html/wp-content/themes/kleo-child/functions.php:78
Stack trace:
#0 /var/www/html/wp-content/themes/kleo-child/functions.php(110): file_get_contents_tcurl('http://www.haro...')
#1 /var/www/html/wp-settings.php(479): include('/var/www/html/w...')
#2 /var/www/html/wp-config.php(114): require_once('/var/www/html/w...')
#3 /var/www/html/wp-load.php(37): require_once('/var/www/html/w...')
#4 /var/www/html/wp-blog-header.php(13): require_once('/var/www/html/w...')
#5 /var/www/html/index.php(25): require('/var/www/html/w...')
#6 {main}
  thrown in /var/www/html/wp-content/themes/kleo-child/functions.php on line 78

2019-05-14T04:25:58+00:00 CRITICAL Uncaught Error: Call to undefined function curl_init() in /var/www/html/wp-content/themes/kleo-child/functions.php:78
Stack trace:
#0 /var/www/html/wp-content/themes/kleo-child/functions.php(110): file_get_contents_tcurl('http://www.haro...')
#1 /var/www/html/wp-settings.php(479): include('/var/www/html/w...')
#2 /var/www/html/wp-config.php(114): require_once('/var/www/html/w...')
#3 /var/www/html/wp-load.php(37): require_once('/var/www/html/w...')
#4 /var/www/html/wp-blog-header.php(13): require_once('/var/www/html/w...')
#5 /var/www/html/index.php(25): require('/var/www/html/w...')
#6 {main}
  thrown in /var/www/html/wp-content/themes/kleo-child/functions.php on line 78

2019-05-14T04:25:58+00:00 CRITICAL Uncaught Error: Call to undefined function curl_init() in /var/www/html/wp-content/themes/kleo-child/functions.php:78
Stack trace:
#0 /var/www/html/wp-content/themes/kleo-child/functions.php(110): file_get_contents_tcurl('http://www.haro...')
#1 /var/www/html/wp-settings.php(479): include('/var/www/html/w...')
#2 /var/www/html/wp-config.php(114): require_once('/var/www/html/w...')
#3 /var/www/html/wp-load.php(37): require_once('/var/www/html/w...')
#4 /var/www/html/wp-blog-header.php(13): require_once('/var/www/html/w...')
#5 /var/www/html/index.php(25): require('/var/www/html/w...')
#6 {main}
  thrown in /var/www/html/wp-content/themes/kleo-child/functions.php on line 78

2019-05-14T04:25:58+00:00 CRITICAL Uncaught Error: Call to undefined function curl_init() in /var/www/html/wp-content/themes/kleo-child/functions.php:78
Stack trace:
#0 /var/www/html/wp-content/themes/kleo-child/functions.php(110): file_get_contents_tcurl('http://www.haro...')
#1 /var/www/html/wp-settings.php(479): include('/var/www/html/w...')
#2 /var/www/html/wp-config.php(114): require_once('/var/www/html/w...')
#3 /var/www/html/wp-load.php(37): require_once('/var/www/html/w...')
#4 /var/www/html/wp-blog-header.php(13): require_once('/var/www/html/w...')
#5 /var/www/html/index.php(25): require('/var/www/html/w...')
#6 {main}
  thrown in /var/www/html/wp-content/themes/kleo-child/functions.php on line 78

2019-05-14T04:45:24+00:00 CRITICAL Uncaught Error: Call to undefined function curl_init() in /var/www/html/wp-content/themes/kleo-child/functions.php:78
Stack trace:
#0 /var/www/html/wp-content/themes/kleo-child/functions.php(110): file_get_contents_tcurl('http://www.haro...')
#1 /var/www/html/wp-settings.php(479): include('/var/www/html/w...')
#2 /var/www/html/wp-config.php(114): require_once('/var/www/html/w...')
#3 /var/www/html/wp-load.php(37): require_once('/var/www/html/w...')
#4 /var/www/html/wp-blog-header.php(13): require_once('/var/www/html/w...')
#5 /var/www/html/index.php(25): require('/var/www/html/w...')
#6 {main}
  thrown in /var/www/html/wp-content/themes/kleo-child/functions.php on line 78

